{"logTime": "0423/094859", "correlationVector":"llHWTAnisupk7gLn+WEG01.1","action":"SyncServerConnectionManagerRequest", "result":"SYNC_SERVER_OK", "context":{"environment":"Prod_southeastasia_prod-s01-064-apac-southeastasia", "migrationStage":"NotStarted", "server":"akswtt00000000d"}}
{"logTime": "0423/094859", "correlationVector":"llHWTAnisupk7gLn+WEG01.2","action":"EncryptionKeysManager::SetEncryptionKeys:", "result":"Success", "context":Key names[1]:[yVWCIjhO0N79Xbhk8gt10UiVXopn5VsmAPFMBTqj23QRjtXBJroXNONC4JcBNp5hzcEEuR+ht55BWi/9B8as0g==]}
{"logTime": "0423/094859", "correlationVector":"llHWTAnisupk7gLn+WEG01.3","action":"AAD.GetKeyResponse", "result":"Fail", "context":Keys=0.LastKeyStatus=Empty.State=None.Pending NewKey. Tags: . Emails: ["basil.amso-20@cpu.edu.ph"]}
{"logTime": "0423/094859", "correlationVector":"llHWTAnisupk7gLn+WEG01.4","action":"ProcessGetUpdates", "result":"Done", "context":{"dataType":"Encryption Keys", "deleted":"0", "process_failed_to_decrypt":"0", "process_pending_decryption":"0", "process_success":"1", "total":"1"}}
{"logTime": "0423/094859", "correlationVector":"p+XSVHr4Y+MvY9XzPJhM0d","action":"AAD.Mip.Pack:", "result":"Fail", "context":MIP_CLOUD_COMMERCIAL:Service disabled}
{"logTime": "0423/094859", "correlationVector":"p+XSVHr4Y+MvY9XzPJhM0d.0","action":"AAD.AddCommitKey", "result":"Fail", "context":MIP service disabled. Tags: . Emails: ["basil.amso-20@cpu.edu.ph"]}
{"logTime": "0423/095014", "correlationVector":"HdlibcWOSTzvUqOn5hvcaz.1","action":"SyncServerConnectionManagerRequest", "result":"SYNC_SERVER_OK", "context":{"environment":"Prod_southeastasia_prod-s01-064-apac-southeastasia", "migrationStage":"NotStarted", "server":"akswtt00000000n"}}
{"logTime": "0423/095014", "correlationVector":"llHWTAnisupk7gLn+WEG01","action":"Initial GetUpdates", "result":"", "context":Reason: NEW_CLIENT. cV=llHWTAnisupk7gLn+WEG01}
{"logTime": "0423/095014", "correlationVector":"llHWTAnisupk7gLn+WEG01.5","action":"GetUpdates Response", "result":"Success", "context":Received 1 update(s). cV=llHWTAnisupk7gLn+WEG01.0;server=akswtt00000000d;cloudType=Multitenant;environment=Prod_southeastasia_prod-s01-064-apac-southeastasia;migrationStage=NotStarted}
{"logTime": "0423/095014", "correlationVector":"HdlibcWOSTzvUqOn5hvcaz","action":"Initial GetUpdates", "result":"", "context":Reason: NEW_CLIENT. cV=HdlibcWOSTzvUqOn5hvcaz}
{"logTime": "0423/095014", "correlationVector":"HdlibcWOSTzvUqOn5hvcaz.2","action":"GetUpdates Response", "result":"Success", "context":Received 0 update(s). cV=HdlibcWOSTzvUqOn5hvcaz.0;server=akswtt00000000n;cloudType=Multitenant;environment=Prod_southeastasia_prod-s01-064-apac-southeastasia;migrationStage=NotStarted}
{"logTime": "0423/095014", "correlationVector":"/YT8vOpYmI3ivyw48+pVKu","action":"Initial GetUpdates", "result":"", "context":Reason: NEW_CLIENT. cV=/YT8vOpYmI3ivyw48+pVKu}
{"logTime": "0423/095015", "correlationVector":"/YT8vOpYmI3ivyw48+pVKu.1","action":"SyncServerConnectionManagerRequest", "result":"SYNC_SERVER_OK", "context":{"environment":"Prod_southeastasia_prod-s01-064-apac-southeastasia", "migrationStage":"NotStarted", "server":"akswtt00000000d"}}
{"logTime": "0423/095015", "correlationVector":"/YT8vOpYmI3ivyw48+pVKu.2","action":"GetUpdates Response", "result":"Success", "context":Received 0 update(s). cV=/YT8vOpYmI3ivyw48+pVKu.0;server=akswtt00000000d;cloudType=Multitenant;environment=Prod_southeastasia_prod-s01-064-apac-southeastasia;migrationStage=NotStarted}
{"logTime": "0423/095015", "correlationVector":"abgvD7pxXpjxh0VP9Zk5RP","action":"Initial GetUpdates", "result":"", "context":Reason: NEW_CLIENT. cV=abgvD7pxXpjxh0VP9Zk5RP}
{"logTime": "0423/095015", "correlationVector":"abgvD7pxXpjxh0VP9Zk5RP.1","action":"SyncServerConnectionManagerRequest", "result":"SYNC_SERVER_OK", "context":{"environment":"Prod_southeastasia_prod-s01-064-apac-southeastasia", "migrationStage":"NotStarted", "server":"akswtt00000000k"}}
{"logTime": "0423/095015", "correlationVector":"abgvD7pxXpjxh0VP9Zk5RP.2","action":"ProcessGetUpdates", "result":"Done", "context":{"dataType":"Bookmarks", "deleted":"0", "process_failed_to_decrypt":"0", "process_pending_decryption":"0", "process_success":"6", "total":"6"}}
{"logTime": "0423/095015", "correlationVector":"abgvD7pxXpjxh0VP9Zk5RP.3","action":"GetUpdates Response", "result":"Success", "context":Received 6 update(s). cV=abgvD7pxXpjxh0VP9Zk5RP.0;server=akswtt00000000k;cloudType=Multitenant;environment=Prod_southeastasia_prod-s01-064-apac-southeastasia;migrationStage=NotStarted}
{"logTime": "0423/095015", "correlationVector":"26r4psojBzFG/x+Z6zerqa","action":"Initial GetUpdates", "result":"", "context":Reason: NEW_CLIENT. cV=26r4psojBzFG/x+Z6zerqa}
{"logTime": "0423/095015", "correlationVector":"26r4psojBzFG/x+Z6zerqa.1","action":"SyncServerConnectionManagerRequest", "result":"SYNC_SERVER_OK", "context":{"environment":"Prod_southeastasia_prod-s01-064-apac-southeastasia", "migrationStage":"NotStarted", "server":"akswtt000000001"}}
{"logTime": "0423/095015", "correlationVector":"26r4psojBzFG/x+Z6zerqa.2","action":"ProcessGetUpdates", "result":"Done", "context":{"dataType":"Autofill", "deleted":"0", "process_failed_to_decrypt":"0", "process_pending_decryption":"0", "process_success":"1", "total":"1"}}
{"logTime": "0423/095015", "correlationVector":"26r4psojBzFG/x+Z6zerqa.3","action":"GetUpdates Response", "result":"Success", "context":Received 1 update(s). cV=26r4psojBzFG/x+Z6zerqa.0;server=akswtt000000001;cloudType=Multitenant;environment=Prod_southeastasia_prod-s01-064-apac-southeastasia;migrationStage=NotStarted}
{"logTime": "0423/095015", "correlationVector":"PR/yuwCplxOqUz7H1XzKZ6","action":"Initial GetUpdates", "result":"", "context":Reason: NEW_CLIENT. cV=PR/yuwCplxOqUz7H1XzKZ6}
{"logTime": "0423/095015", "correlationVector":"PR/yuwCplxOqUz7H1XzKZ6.1","action":"SyncServerConnectionManagerRequest", "result":"SYNC_SERVER_OK", "context":{"environment":"Prod_southeastasia_prod-s01-064-apac-southeastasia", "migrationStage":"NotStarted", "server":"akswtt00000000p"}}
{"logTime": "0423/095015", "correlationVector":"PR/yuwCplxOqUz7H1XzKZ6.2","action":"GetUpdates Response", "result":"Success", "context":Received 0 update(s). cV=PR/yuwCplxOqUz7H1XzKZ6.0;server=akswtt00000000p;cloudType=Multitenant;environment=Prod_southeastasia_prod-s01-064-apac-southeastasia;migrationStage=NotStarted}
{"logTime": "0423/095015", "correlationVector":"jT1mhGCFk1zHiTP/GWTjLO","action":"Normal GetUpdate request", "result":"", "context":cV=jT1mhGCFk1zHiTP/GWTjLO
Nudged types: Sessions, Device Info, User Consents, Encryption Keys
Refresh requested types: Bookmarks, Preferences, Passwords, Autofill Profiles, Autofill, Extensions, Sessions, Extension settings, History Delete Directives, Device Info, User Consents, Send Tab To Self, Web Apps, History, Saved Tab Group, WebAuthn Credentials, Collection, Edge E Drop, Edge Hub App Usage, Edge Wallet, Edge Workspace, Encryption Keys}
{"logTime": "0423/095016", "correlationVector":"jT1mhGCFk1zHiTP/GWTjLO.1","action":"SyncServerConnectionManagerRequest", "result":"SYNC_SERVER_OK", "context":{"environment":"Prod_southeastasia_prod-s01-064-apac-southeastasia", "migrationStage":"NotStarted", "server":"akswtt00000000g"}}
{"logTime": "0423/095016", "correlationVector":"jT1mhGCFk1zHiTP/GWTjLO.2","action":"GetUpdates Response", "result":"Success", "context":Received 0 update(s). cV=jT1mhGCFk1zHiTP/GWTjLO.0;server=akswtt00000000g;cloudType=Multitenant;environment=Prod_southeastasia_prod-s01-064-apac-southeastasia;migrationStage=NotStarted}
{"logTime": "0423/095016", "correlationVector":"TofFJlm04BAhhK2oCsyk2N","action":"DoCompareDataConsistency requsted types: ", "result":"Bookmarks, Preferences, Passwords, Extensions, Extension settings, History Delete Directives, Send Tab To Self, Web Apps, History, Saved Tab Group, WebAuthn Credentials, Collection, Edge E Drop, Edge Wallet, Edge Workspace, Encryption Keys"}
{"logTime": "0423/095016", "correlationVector":"TofFJlm04BAhhK2oCsyk2N.0","action":"CompareDataConsistency result: ", "result":"Compare result: Encryption Keys is consistent. local entities count is: 1 local entities hash is: sn4pUPRx3D+PfjT5fSJiqBQonPU="}
{"logTime": "0423/095016", "correlationVector":"TofFJlm04BAhhK2oCsyk2N.1","action":"CompareDataConsistency result: ", "result":"Compare result: Bookmarks is consistent. local entities count is: 0 local entities hash is: "}
{"logTime": "0423/095016", "correlationVector":"TofFJlm04BAhhK2oCsyk2N.2","action":"CompareDataConsistency result: ", "result":"Compare result: Preferences is consistent. local entities count is: 0 local entities hash is: "}
{"logTime": "0423/095016", "correlationVector":"TofFJlm04BAhhK2oCsyk2N.3","action":"CompareDataConsistency result: ", "result":"Compare result: Passwords is consistent. local entities count is: 0 local entities hash is: "}
{"logTime": "0423/095016", "correlationVector":"TofFJlm04BAhhK2oCsyk2N.4","action":"CompareDataConsistency result: ", "result":"Compare result: Extensions is consistent. local entities count is: 0 local entities hash is: "}
{"logTime": "0423/095016", "correlationVector":"TofFJlm04BAhhK2oCsyk2N.5","action":"CompareDataConsistency result: ", "result":"Compare result: Extension settings is consistent. local entities count is: 0 local entities hash is: "}
{"logTime": "0423/095016", "correlationVector":"TofFJlm04BAhhK2oCsyk2N.6","action":"CompareDataConsistency result: ", "result":"Compare result: History Delete Directives is consistent. local entities count is: 0 local entities hash is: "}
{"logTime": "0423/095016", "correlationVector":"TofFJlm04BAhhK2oCsyk2N.7","action":"CompareDataConsistency result: ", "result":"Server did not send this Send Tab To Self local entities count is: 0 local entities hash is: "}
{"logTime": "0423/095016", "correlationVector":"TofFJlm04BAhhK2oCsyk2N.8","action":"CompareDataConsistency result: ", "result":"Compare result: Web Apps is consistent. local entities count is: 0 local entities hash is: "}
{"logTime": "0423/095016", "correlationVector":"TofFJlm04BAhhK2oCsyk2N.9","action":"CompareDataConsistency result: ", "result":"Server did not send this History local entities count is: 0 local entities hash is: "}
{"logTime": "0423/095016", "correlationVector":"TofFJlm04BAhhK2oCsyk2N.10","action":"CompareDataConsistency result: ", "result":"Compare result: Saved Tab Group is consistent. local entities count is: 0 local entities hash is: "}
{"logTime": "0423/095016", "correlationVector":"TofFJlm04BAhhK2oCsyk2N.11","action":"CompareDataConsistency result: ", "result":"Server did not send this WebAuthn Credentials local entities count is: 0 local entities hash is: "}
{"logTime": "0423/095016", "correlationVector":"TofFJlm04BAhhK2oCsyk2N.12","action":"CompareDataConsistency result: ", "result":"Compare result: Collection is consistent. local entities count is: 0 local entities hash is: "}
{"logTime": "0423/095016", "correlationVector":"TofFJlm04BAhhK2oCsyk2N.13","action":"CompareDataConsistency result: ", "result":"Compare result: Edge E Drop is consistent. local entities count is: 0 local entities hash is: "}
{"logTime": "0423/095016", "correlationVector":"TofFJlm04BAhhK2oCsyk2N.14","action":"CompareDataConsistency result: ", "result":"Compare result: Edge Wallet is consistent. local entities count is: 0 local entities hash is: "}
{"logTime": "0423/095016", "correlationVector":"TofFJlm04BAhhK2oCsyk2N.15","action":"CompareDataConsistency result: ", "result":"Server did not send this Edge Workspace local entities count is: 0 local entities hash is: "}
{"logTime": "0423/095016", "correlationVector":"TofFJlm04BAhhK2oCsyk2N.16","action":"AAD.Mip.Pack:", "result":"Fail", "context":MIP_CLOUD_COMMERCIAL:Service disabled}
{"logTime": "0423/095016", "correlationVector":"TofFJlm04BAhhK2oCsyk2N.17","action":"AAD.AddCommitKey", "result":"Fail", "context":MIP service disabled. Tags: . Emails: ["basil.amso-20@cpu.edu.ph"]}
{"logTime": "0423/095016", "correlationVector":"","action":"DIAGNOSTIC_REQUEST|v1/diagnosticData/Diagnostic.SendCheckResult()|SUCCESS", "result":""}
