2026-04-23 09:48:57.191: [INFO][Sync] Reset engine, reason: 8
2026-04-23 09:48:57.191: [INFO][Sync] Stopped: Bookmarks
2026-04-23 09:48:57.191: [INFO][Sync] Stopped: Preferences
2026-04-23 09:48:57.191: [INFO][Sync] Stopped: Passwords
2026-04-23 09:48:57.191: [INFO][Sync] Stopped: Autofill Profiles
2026-04-23 09:48:57.191: [INFO][Sync] Stopped: Autofill
2026-04-23 09:48:57.191: [INFO][Sync] Stopped: Extensions
2026-04-23 09:48:57.191: [INFO][Sync] Stopped: Sessions
2026-04-23 09:48:57.191: [INFO][Sync] Stopped: Extension settings
2026-04-23 09:48:57.191: [INFO][Sync] Stopped: History Delete Directives
2026-04-23 09:48:57.191: [INFO][Sync] Stopped: Device Info
2026-04-23 09:48:57.191: [INFO][Sync] Stopped: User Consents
2026-04-23 09:48:57.191: [INFO][Sync] Stopped: Send Tab To Self
2026-04-23 09:48:57.191: [INFO][Sync] Stopped: Web Apps
2026-04-23 09:48:57.191: [INFO][Sync] Stopped: History
2026-04-23 09:48:57.191: [INFO][Sync] Stopped: Saved Tab Group
2026-04-23 09:48:57.191: [INFO][Sync] Stopped: WebAuthn Credentials
2026-04-23 09:48:57.191: [INFO][Sync] Stopped: Collection
2026-04-23 09:48:57.191: [INFO][Sync] Stopped: Edge E Drop
2026-04-23 09:48:57.191: [INFO][Sync] Stopped: Edge Hub App Usage
2026-04-23 09:48:57.191: [INFO][Sync] Stopped: Edge Wallet
2026-04-23 09:48:57.191: [INFO][Sync] Stopped: Edge Workspace
2026-04-23 09:48:57.191: [INFO][Sync] SyncState after authenticated was: NotSignedIn
2026-04-23 09:48:57.362: [INFO][Sync] Reset engine, reason: 8
2026-04-23 09:48:57.362: [INFO][Sync] Stopped: Bookmarks
2026-04-23 09:48:57.362: [INFO][Sync] Stopped: Preferences
2026-04-23 09:48:57.362: [INFO][Sync] Stopped: Passwords
2026-04-23 09:48:57.362: [INFO][Sync] Stopped: Autofill Profiles
2026-04-23 09:48:57.362: [INFO][Sync] Stopped: Autofill
2026-04-23 09:48:57.362: [INFO][Sync] Stopped: Extensions
2026-04-23 09:48:57.362: [INFO][Sync] Stopped: Sessions
2026-04-23 09:48:57.362: [INFO][Sync] Stopped: Extension settings
2026-04-23 09:48:57.362: [INFO][Sync] Stopped: History Delete Directives
2026-04-23 09:48:57.362: [INFO][Sync] Stopped: Device Info
2026-04-23 09:48:57.362: [INFO][Sync] Stopped: User Consents
2026-04-23 09:48:57.363: [INFO][Sync] Stopped: Send Tab To Self
2026-04-23 09:48:57.363: [INFO][Sync] Stopped: Web Apps
2026-04-23 09:48:57.363: [INFO][Sync] Stopped: History
2026-04-23 09:48:57.363: [INFO][Sync] Stopped: Saved Tab Group
2026-04-23 09:48:57.363: [INFO][Sync] Stopped: WebAuthn Credentials
2026-04-23 09:48:57.363: [INFO][Sync] Stopped: Collection
2026-04-23 09:48:57.363: [INFO][Sync] Stopped: Edge E Drop
2026-04-23 09:48:57.363: [INFO][Sync] Stopped: Edge Hub App Usage
2026-04-23 09:48:57.363: [INFO][Sync] Stopped: Edge Wallet
2026-04-23 09:48:57.363: [INFO][Sync] Stopped: Edge Workspace
2026-04-23 09:48:57.721: [INFO][Sync] Try to start sync engine
2026-04-23 09:48:57.722: [INFO][SyncManagerImpl::NudgeForInitialDownload] Initial download nudge for Encryption Keys
2026-04-23 09:48:57.722: [INFO][SyncEngineBackend::LoadAndConnectNigoriController] Load and connect Nigori controller
2026-04-23 09:48:57.722: [INFO][SyncEngineBackend::DoInitialize] Control Types added: Encryption Keys
2026-04-23 09:48:57.722: [INFO][SyncManagerImpl::ConfigureSyncer] Types to download: Encryption Keys with reason: 3
2026-04-23 09:48:57.722: [INFO][SyncSchedulerImpl::DoConfigurationSyncCycleJob] Configure job was blocked
2026-04-23 09:48:58.503: [INFO][SyncAuthManager::SetLastAuthError] Current auth error: None
2026-04-23 09:48:58.503: [INFO][SyncAuthManager::EdgeLogTokenErrorState] Token error with: None for account type: AAD
2026-04-23 09:48:58.503: [INFO][Sync] Credentials changed for: EdgeSyncKeyDataScope
2026-04-23 09:48:58.503: [INFO][SyncEngineBackend::DoUpdateKeyDataCredentials] Update key data credentials
2026-04-23 09:48:58.638: [INFO][SyncAuthManager::SetLastAuthError] Current auth error: None
2026-04-23 09:48:58.639: [INFO][SyncAuthManager::EdgeLogTokenErrorState] Token error with: None for account type: AAD
2026-04-23 09:48:58.639: [INFO][Sync] Credentials changed for: EdgeSyncScopeNew
2026-04-23 09:48:58.639: [INFO][SyncEngineBackend::DoUpdateCredentials] Update credentials
2026-04-23 09:48:58.639: [INFO][SyncSchedulerImpl::DoConfigurationSyncCycleJob] Blocked types:  and types to download: Encryption Keys
2026-04-23 09:48:59.543: [INFO][Commit::PostAndProcessResponse] AAD key error result: Protocol error (DISABLED_BY_ADMIN)
2026-04-23 09:48:59.543: [INFO][SyncSchedulerImpl::DoConfigurationSyncCycleJob] Syncer error: Protocol error (DISABLED_BY_ADMIN)
2026-04-23 09:48:59.543: [INFO][SyncEngineBackend::DoUpdateKeyDataCredentials] Update key data credentials
2026-04-23 09:50:14.546: [INFO][SyncSchedulerImpl::DoConfigurationSyncCycleJob] Blocked types:  and types to download: Encryption Keys
2026-04-23 09:50:14.878: [INFO][Sync] Started DataTypeManager configuration, reason: 4
2026-04-23 09:50:14.878: [INFO][Sync] Configuring for: Bookmarks, Preferences, Passwords, Autofill Profiles, Autofill, Extensions, Sessions, Extension settings, History Delete Directives, Device Info, User Consents, Send Tab To Self, Web Apps, History, Saved Tab Group, WebAuthn Credentials, Collection, Edge E Drop, Edge Hub App Usage, Edge Wallet, Edge Workspace, Encryption Keys, reason: 3, current state: 0
2026-04-23 09:50:14.878: [INFO][SyncEngineBackend::DoStartConfiguration] Start configuration
2026-04-23 09:50:14.881: [INFO][Sync] Configure, desired: Bookmarks, Preferences, Passwords, Autofill Profiles, Autofill, Extensions, Sessions, Extension settings, History Delete Directives, Device Info, User Consents, Send Tab To Self, Web Apps, History, Saved Tab Group, WebAuthn Credentials, Collection, Edge E Drop, Edge Hub App Usage, Edge Wallet, Edge Workspace, Encryption Keys; Allow fail: 
2026-04-23 09:50:14.881: [INFO][Sync] Loading: Bookmarks
2026-04-23 09:50:14.881: [INFO][Sync] Loading: Preferences
2026-04-23 09:50:14.882: [INFO][Sync] Loading: Passwords
2026-04-23 09:50:14.882: [INFO][Sync] Loading: Autofill Profiles
2026-04-23 09:50:14.882: [INFO][Sync] Loading: Autofill
2026-04-23 09:50:14.882: [INFO][Sync] Loading: Extensions
2026-04-23 09:50:14.882: [INFO][Sync] Loading: Sessions
2026-04-23 09:50:14.882: [INFO][Sync] Loading: Extension settings
2026-04-23 09:50:14.882: [INFO][Sync] Loading: History Delete Directives
2026-04-23 09:50:14.882: [INFO][Sync] Loading: Device Info
2026-04-23 09:50:14.882: [INFO][Sync] Loading: User Consents
2026-04-23 09:50:14.882: [INFO][Sync] Loading: Send Tab To Self
2026-04-23 09:50:14.882: [INFO][Sync] Loading: Web Apps
2026-04-23 09:50:14.882: [INFO][Sync] Loading: History
2026-04-23 09:50:14.882: [INFO][Sync] Loading: Saved Tab Group
2026-04-23 09:50:14.882: [INFO][Sync] Loading: WebAuthn Credentials
2026-04-23 09:50:14.882: [INFO][Sync] Loading: Collection
2026-04-23 09:50:14.882: [INFO][Sync] Loading: Edge E Drop
2026-04-23 09:50:14.882: [INFO][Sync] Loading: Edge Hub App Usage
2026-04-23 09:50:14.882: [INFO][Sync] Loading: Edge Wallet
2026-04-23 09:50:14.882: [INFO][Sync] Loading: Edge Workspace
2026-04-23 09:50:14.892: [INFO][Sync] All data types are ready for configure.
2026-04-23 09:50:14.892: [INFO][SyncManagerImpl::NudgeForInitialDownload] Initial download nudge for Bookmarks
2026-04-23 09:50:14.892: [INFO][SyncManagerImpl::NudgeForInitialDownload] Initial download nudge for Preferences
2026-04-23 09:50:14.892: [INFO][SyncManagerImpl::NudgeForInitialDownload] Initial download nudge for Passwords
2026-04-23 09:50:14.892: [INFO][SyncManagerImpl::NudgeForInitialDownload] Initial download nudge for Autofill Profiles
2026-04-23 09:50:14.892: [INFO][SyncManagerImpl::NudgeForInitialDownload] Initial download nudge for Autofill
2026-04-23 09:50:14.892: [INFO][SyncManagerImpl::NudgeForInitialDownload] Initial download nudge for Extensions
2026-04-23 09:50:14.892: [INFO][SyncManagerImpl::NudgeForInitialDownload] Initial download nudge for Sessions
2026-04-23 09:50:14.892: [INFO][SyncManagerImpl::NudgeForInitialDownload] Initial download nudge for Extension settings
2026-04-23 09:50:14.892: [INFO][SyncManagerImpl::NudgeForInitialDownload] Initial download nudge for History Delete Directives
2026-04-23 09:50:14.892: [INFO][SyncManagerImpl::NudgeForInitialDownload] Initial download nudge for Device Info
2026-04-23 09:50:14.892: [INFO][SyncManagerImpl::NudgeForInitialDownload] Initial download nudge for Send Tab To Self
2026-04-23 09:50:14.892: [INFO][SyncManagerImpl::NudgeForInitialDownload] Initial download nudge for Web Apps
2026-04-23 09:50:14.892: [INFO][SyncManagerImpl::NudgeForInitialDownload] Initial download nudge for History
2026-04-23 09:50:14.892: [INFO][SyncManagerImpl::NudgeForInitialDownload] Initial download nudge for Saved Tab Group
2026-04-23 09:50:14.892: [INFO][SyncManagerImpl::NudgeForInitialDownload] Initial download nudge for WebAuthn Credentials
2026-04-23 09:50:14.892: [INFO][SyncManagerImpl::NudgeForInitialDownload] Initial download nudge for Collection
2026-04-23 09:50:14.892: [INFO][SyncManagerImpl::NudgeForInitialDownload] Initial download nudge for Edge E Drop
2026-04-23 09:50:14.892: [INFO][SyncManagerImpl::NudgeForInitialDownload] Initial download nudge for Edge Hub App Usage
2026-04-23 09:50:14.892: [INFO][SyncManagerImpl::NudgeForInitialDownload] Initial download nudge for Edge Wallet
2026-04-23 09:50:14.892: [INFO][SyncManagerImpl::NudgeForInitialDownload] Initial download nudge for Edge Workspace
2026-04-23 09:50:14.892: [INFO][SyncManagerImpl::ConfigureSyncer] Types to download:  with reason: 3
2026-04-23 09:50:14.892: [INFO][SyncEngineBackend::DoFinishConfigureDataTypes] Failed to download types:  and succeeded types: 
2026-04-23 09:50:14.892: [INFO][Sync] ConfigurationDone, failed: , succeeded: , remaining count: 4
2026-04-23 09:50:14.892: [INFO][Sync] Prepare to configure types: Preferences, Passwords, Device Info, Send Tab To Self, Edge E Drop, Encryption Keys
2026-04-23 09:50:14.892: [INFO][SyncManagerImpl::ConfigureSyncer] Types to download: Preferences, Passwords, Device Info, Send Tab To Self, Edge E Drop, Encryption Keys with reason: 3
2026-04-23 09:50:14.892: [INFO][SyncSchedulerImpl::DoConfigurationSyncCycleJob] Blocked types:  and types to download: Preferences, Passwords, Device Info, Send Tab To Self, Edge E Drop, Encryption Keys
2026-04-23 09:50:15.159: [INFO][SyncEngineBackend::DoFinishConfigureDataTypes] Failed to download types:  and succeeded types: Preferences, Passwords, Device Info, Send Tab To Self, Edge E Drop, Encryption Keys
2026-04-23 09:50:15.163: [INFO][Sync] ConfigurationDone, failed: , succeeded: Preferences, Passwords, Device Info, Send Tab To Self, Edge E Drop, Encryption Keys, remaining count: 3
2026-04-23 09:50:15.164: [INFO][Sync] Prepare to configure types: Bookmarks, Encryption Keys
2026-04-23 09:50:15.164: [INFO][SyncManagerImpl::ConfigureSyncer] Types to download: Bookmarks, Encryption Keys with reason: 3
2026-04-23 09:50:15.164: [INFO][SyncSchedulerImpl::DoConfigurationSyncCycleJob] Blocked types:  and types to download: Bookmarks, Encryption Keys
2026-04-23 09:50:15.376: [INFO][SyncEngineBackend::DoFinishConfigureDataTypes] Failed to download types:  and succeeded types: Bookmarks, Encryption Keys
2026-04-23 09:50:15.379: [INFO][Sync] ConfigurationDone, failed: , succeeded: Bookmarks, Encryption Keys, remaining count: 2
2026-04-23 09:50:15.379: [INFO][Sync] Prepare to configure types: Autofill Profiles, Autofill, Extensions, Sessions, Extension settings, History Delete Directives, Web Apps, Saved Tab Group, WebAuthn Credentials, Collection, Edge Hub App Usage, Edge Wallet, Edge Workspace, Encryption Keys
2026-04-23 09:50:15.379: [INFO][SyncManagerImpl::ConfigureSyncer] Types to download: Autofill Profiles, Autofill, Extensions, Sessions, Extension settings, History Delete Directives, Web Apps, Saved Tab Group, WebAuthn Credentials, Collection, Edge Hub App Usage, Edge Wallet, Edge Workspace, Encryption Keys with reason: 3
2026-04-23 09:50:15.379: [INFO][SyncSchedulerImpl::DoConfigurationSyncCycleJob] Blocked types:  and types to download: Autofill Profiles, Autofill, Extensions, Sessions, Extension settings, History Delete Directives, Web Apps, Saved Tab Group, WebAuthn Credentials, Collection, Edge Hub App Usage, Edge Wallet, Edge Workspace, Encryption Keys
2026-04-23 09:50:15.581: [INFO][SyncEngineBackend::DoFinishConfigureDataTypes] Failed to download types:  and succeeded types: Autofill Profiles, Autofill, Extensions, Sessions, Extension settings, History Delete Directives, Web Apps, Saved Tab Group, WebAuthn Credentials, Collection, Edge Hub App Usage, Edge Wallet, Edge Workspace, Encryption Keys
2026-04-23 09:50:15.587: [INFO][Sync] ConfigurationDone, failed: , succeeded: Autofill Profiles, Autofill, Extensions, Sessions, Extension settings, History Delete Directives, Web Apps, Saved Tab Group, WebAuthn Credentials, Collection, Edge Hub App Usage, Edge Wallet, Edge Workspace, Encryption Keys, remaining count: 1
2026-04-23 09:50:15.592: [INFO][Sync] Prepare to configure types: History, Encryption Keys
2026-04-23 09:50:15.592: [INFO][SyncManagerImpl::ConfigureSyncer] Types to download: History, Encryption Keys with reason: 3
2026-04-23 09:50:15.592: [INFO][SyncSchedulerImpl::DoConfigurationSyncCycleJob] Blocked types:  and types to download: History, Encryption Keys
2026-04-23 09:50:15.783: [INFO][SyncEngineBackend::DoFinishConfigureDataTypes] Failed to download types:  and succeeded types: History, Encryption Keys
2026-04-23 09:50:15.786: [INFO][Sync] ConfigurationDone, failed: , succeeded: History, Encryption Keys, remaining count: 0
2026-04-23 09:50:15.788: [INFO][Sync]     Configuration completed, state: 3
2026-04-23 09:50:15.788: [INFO][Sync] Configured DataTypeManager: Ok
2026-04-23 09:50:15.791: [INFO][SyncEngineBackend::DoStartSyncing] Start syncing
2026-04-23 09:50:16.518: [INFO][Commit::PostAndProcessResponse] AAD key error result: Protocol error (DISABLED_BY_ADMIN)
2026-04-23 09:50:16.518: [INFO][SyncSchedulerImpl::DoNudgeSyncCycleJob] Syncer error: Protocol error (DISABLED_BY_ADMIN)
2026-04-23 09:50:33.946: [INFO][Sync] Reset engine, reason: 0
2026-04-23 09:50:33.946: [INFO][Sync] Reset engine with reason: 0
